node:internal/modules/cjs/loader:1031
  throw err;
  ^

Error: Cannot find module 'express'
Require stack:
- /home/onliteup/home/app.js
- /usr/local/lsws/fcgi-bin/lsnode.js
    at Function.Module._resolveFilename (node:internal/modules/cjs/loader:1028:15)
    at Function.Module._load (node:internal/modules/cjs/loader:873:27)
    at Module.require (node:internal/modules/cjs/loader:1100:19)
    at require (node:internal/modules/cjs/helpers:119:18)
    at Object.<anonymous> (/home/onliteup/home/app.js:12:17)
    at Module._compile (node:internal/modules/cjs/loader:1198:14)
    at Object.Module._extensions..js (node:internal/modules/cjs/loader:1252:10)
    at Module.load (node:internal/modules/cjs/loader:1076:32)
    at Function.Module._load (node:internal/modules/cjs/loader:911:12)
    at Module.require (node:internal/modules/cjs/loader:1100:19) {
  code: 'MODULE_NOT_FOUND',
  requireStack: [
    '/home/onliteup/home/app.js',
    '/usr/local/lsws/fcgi-bin/lsnode.js'
  ]
}
node:internal/modules/cjs/loader:1031
  throw err;
  ^

Error: Cannot find module 'express'
Require stack:
- /home/onliteup/home/app.js
- /usr/local/lsws/fcgi-bin/lsnode.js
    at Function.Module._resolveFilename (node:internal/modules/cjs/loader:1028:15)
    at Function.Module._load (node:internal/modules/cjs/loader:873:27)
    at Module.require (node:internal/modules/cjs/loader:1100:19)
    at require (node:internal/modules/cjs/helpers:119:18)
    at Object.<anonymous> (/home/onliteup/home/app.js:12:17)
    at Module._compile (node:internal/modules/cjs/loader:1198:14)
    at Object.Module._extensions..js (node:internal/modules/cjs/loader:1252:10)
    at Module.load (node:internal/modules/cjs/loader:1076:32)
    at Function.Module._load (node:internal/modules/cjs/loader:911:12)
    at Module.require (node:internal/modules/cjs/loader:1100:19) {
  code: 'MODULE_NOT_FOUND',
  requireStack: [
    '/home/onliteup/home/app.js',
    '/usr/local/lsws/fcgi-bin/lsnode.js'
  ]
}
Sun, 04 May 2025 05:00:35 GMT express-session deprecated req.secret; provide secret option at app.js:45:9
Warning: connect.session() MemoryStore is not
designed for a production environment, as it will leak
memory, and will not scale past a single process.
Sun, 04 May 2025 05:00:37 GMT express-session deprecated req.secret; provide secret option at app.js:45:9
Warning: connect.session() MemoryStore is not
designed for a production environment, as it will leak
memory, and will not scale past a single process.
Sun, 04 May 2025 05:01:23 GMT express-session deprecated req.secret; provide secret option at app.js:45:9
Warning: connect.session() MemoryStore is not
designed for a production environment, as it will leak
memory, and will not scale past a single process.
node:internal/modules/cjs/loader:1031
  throw err;
  ^

Error: Cannot find module 'connect-mongo'
Require stack:
- /home/onliteup/home/app.js
- /usr/local/lsws/fcgi-bin/lsnode.js
    at Function.Module._resolveFilename (node:internal/modules/cjs/loader:1028:15)
    at Function.Module._load (node:internal/modules/cjs/loader:873:27)
    at Module.require (node:internal/modules/cjs/loader:1100:19)
    at require (node:internal/modules/cjs/helpers:119:18)
    at Object.<anonymous> (/home/onliteup/home/app.js:19:20)
    at Module._compile (node:internal/modules/cjs/loader:1198:14)
    at Object.Module._extensions..js (node:internal/modules/cjs/loader:1252:10)
    at Module.load (node:internal/modules/cjs/loader:1076:32)
    at Function.Module._load (node:internal/modules/cjs/loader:911:12)
    at Module.require (node:internal/modules/cjs/loader:1100:19) {
  code: 'MODULE_NOT_FOUND',
  requireStack: [
    '/home/onliteup/home/app.js',
    '/usr/local/lsws/fcgi-bin/lsnode.js'
  ]
}
node:internal/modules/cjs/loader:1031
  throw err;
  ^

Error: Cannot find module 'connect-mongo'
Require stack:
- /home/onliteup/home/app.js
- /usr/local/lsws/fcgi-bin/lsnode.js
    at Function.Module._resolveFilename (node:internal/modules/cjs/loader:1028:15)
    at Function.Module._load (node:internal/modules/cjs/loader:873:27)
    at Module.require (node:internal/modules/cjs/loader:1100:19)
    at require (node:internal/modules/cjs/helpers:119:18)
    at Object.<anonymous> (/home/onliteup/home/app.js:19:20)
    at Module._compile (node:internal/modules/cjs/loader:1198:14)
    at Object.Module._extensions..js (node:internal/modules/cjs/loader:1252:10)
    at Module.load (node:internal/modules/cjs/loader:1076:32)
    at Function.Module._load (node:internal/modules/cjs/loader:911:12)
    at Module.require (node:internal/modules/cjs/loader:1100:19) {
  code: 'MODULE_NOT_FOUND',
  requireStack: [
    '/home/onliteup/home/app.js',
    '/usr/local/lsws/fcgi-bin/lsnode.js'
  ]
}
node:internal/modules/cjs/loader:1031
  throw err;
  ^

Error: Cannot find module 'connect-mongo'
Require stack:
- /home/onliteup/home/app.js
- /usr/local/lsws/fcgi-bin/lsnode.js
    at Function.Module._resolveFilename (node:internal/modules/cjs/loader:1028:15)
    at Function.Module._load (node:internal/modules/cjs/loader:873:27)
    at Module.require (node:internal/modules/cjs/loader:1100:19)
    at require (node:internal/modules/cjs/helpers:119:18)
    at Object.<anonymous> (/home/onliteup/home/app.js:19:20)
    at Module._compile (node:internal/modules/cjs/loader:1198:14)
    at Object.Module._extensions..js (node:internal/modules/cjs/loader:1252:10)
    at Module.load (node:internal/modules/cjs/loader:1076:32)
    at Function.Module._load (node:internal/modules/cjs/loader:911:12)
    at Module.require (node:internal/modules/cjs/loader:1100:19) {
  code: 'MODULE_NOT_FOUND',
  requireStack: [
    '/home/onliteup/home/app.js',
    '/usr/local/lsws/fcgi-bin/lsnode.js'
  ]
}
node:internal/modules/cjs/loader:1031
  throw err;
  ^

Error: Cannot find module 'connect-mongo'
Require stack:
- /home/onliteup/home/app.js
- /usr/local/lsws/fcgi-bin/lsnode.js
    at Function.Module._resolveFilename (node:internal/modules/cjs/loader:1028:15)
    at Function.Module._load (node:internal/modules/cjs/loader:873:27)
    at Module.require (node:internal/modules/cjs/loader:1100:19)
    at require (node:internal/modules/cjs/helpers:119:18)
    at Object.<anonymous> (/home/onliteup/home/app.js:19:20)
    at Module._compile (node:internal/modules/cjs/loader:1198:14)
    at Object.Module._extensions..js (node:internal/modules/cjs/loader:1252:10)
    at Module.load (node:internal/modules/cjs/loader:1076:32)
    at Function.Module._load (node:internal/modules/cjs/loader:911:12)
    at Module.require (node:internal/modules/cjs/loader:1100:19) {
  code: 'MODULE_NOT_FOUND',
  requireStack: [
    '/home/onliteup/home/app.js',
    '/usr/local/lsws/fcgi-bin/lsnode.js'
  ]
}
node:internal/modules/cjs/loader:1031
  throw err;
  ^

Error: Cannot find module 'connect-mongo'
Require stack:
- /home/onliteup/home/app.js
- /usr/local/lsws/fcgi-bin/lsnode.js
    at Function.Module._resolveFilename (node:internal/modules/cjs/loader:1028:15)
    at Function.Module._load (node:internal/modules/cjs/loader:873:27)
    at Module.require (node:internal/modules/cjs/loader:1100:19)
    at require (node:internal/modules/cjs/helpers:119:18)
    at Object.<anonymous> (/home/onliteup/home/app.js:19:20)
    at Module._compile (node:internal/modules/cjs/loader:1198:14)
    at Object.Module._extensions..js (node:internal/modules/cjs/loader:1252:10)
    at Module.load (node:internal/modules/cjs/loader:1076:32)
    at Function.Module._load (node:internal/modules/cjs/loader:911:12)
    at Module.require (node:internal/modules/cjs/loader:1100:19) {
  code: 'MODULE_NOT_FOUND',
  requireStack: [
    '/home/onliteup/home/app.js',
    '/usr/local/lsws/fcgi-bin/lsnode.js'
  ]
}
node:internal/modules/cjs/loader:1031
  throw err;
  ^

Error: Cannot find module 'connect-mongo'
Require stack:
- /home/onliteup/home/app.js
- /usr/local/lsws/fcgi-bin/lsnode.js
    at Function.Module._resolveFilename (node:internal/modules/cjs/loader:1028:15)
    at Function.Module._load (node:internal/modules/cjs/loader:873:27)
    at Module.require (node:internal/modules/cjs/loader:1100:19)
    at require (node:internal/modules/cjs/helpers:119:18)
    at Object.<anonymous> (/home/onliteup/home/app.js:19:20)
    at Module._compile (node:internal/modules/cjs/loader:1198:14)
    at Object.Module._extensions..js (node:internal/modules/cjs/loader:1252:10)
    at Module.load (node:internal/modules/cjs/loader:1076:32)
    at Function.Module._load (node:internal/modules/cjs/loader:911:12)
    at Module.require (node:internal/modules/cjs/loader:1100:19) {
  code: 'MODULE_NOT_FOUND',
  requireStack: [
    '/home/onliteup/home/app.js',
    '/usr/local/lsws/fcgi-bin/lsnode.js'
  ]
}
node:internal/modules/cjs/loader:1031
  throw err;
  ^

Error: Cannot find module 'connect-mongo'
Require stack:
- /home/onliteup/home/app.js
- /usr/local/lsws/fcgi-bin/lsnode.js
    at Function.Module._resolveFilename (node:internal/modules/cjs/loader:1028:15)
    at Function.Module._load (node:internal/modules/cjs/loader:873:27)
    at Module.require (node:internal/modules/cjs/loader:1100:19)
    at require (node:internal/modules/cjs/helpers:119:18)
    at Object.<anonymous> (/home/onliteup/home/app.js:19:20)
    at Module._compile (node:internal/modules/cjs/loader:1198:14)
    at Object.Module._extensions..js (node:internal/modules/cjs/loader:1252:10)
    at Module.load (node:internal/modules/cjs/loader:1076:32)
    at Function.Module._load (node:internal/modules/cjs/loader:911:12)
    at Module.require (node:internal/modules/cjs/loader:1100:19) {
  code: 'MODULE_NOT_FOUND',
  requireStack: [
    '/home/onliteup/home/app.js',
    '/usr/local/lsws/fcgi-bin/lsnode.js'
  ]
}
node:internal/modules/cjs/loader:1031
  throw err;
  ^

Error: Cannot find module 'connect-mongo'
Require stack:
- /home/onliteup/home/app.js
- /usr/local/lsws/fcgi-bin/lsnode.js
    at Function.Module._resolveFilename (node:internal/modules/cjs/loader:1028:15)
    at Function.Module._load (node:internal/modules/cjs/loader:873:27)
    at Module.require (node:internal/modules/cjs/loader:1100:19)
    at require (node:internal/modules/cjs/helpers:119:18)
    at Object.<anonymous> (/home/onliteup/home/app.js:19:20)
    at Module._compile (node:internal/modules/cjs/loader:1198:14)
    at Object.Module._extensions..js (node:internal/modules/cjs/loader:1252:10)
    at Module.load (node:internal/modules/cjs/loader:1076:32)
    at Function.Module._load (node:internal/modules/cjs/loader:911:12)
    at Module.require (node:internal/modules/cjs/loader:1100:19) {
  code: 'MODULE_NOT_FOUND',
  requireStack: [
    '/home/onliteup/home/app.js',
    '/usr/local/lsws/fcgi-bin/lsnode.js'
  ]
}
node:internal/modules/cjs/loader:1031
  throw err;
  ^

Error: Cannot find module 'connect-mongo'
Require stack:
- /home/onliteup/home/app.js
- /usr/local/lsws/fcgi-bin/lsnode.js
    at Function.Module._resolveFilename (node:internal/modules/cjs/loader:1028:15)
    at Function.Module._load (node:internal/modules/cjs/loader:873:27)
    at Module.require (node:internal/modules/cjs/loader:1100:19)
    at require (node:internal/modules/cjs/helpers:119:18)
    at Object.<anonymous> (/home/onliteup/home/app.js:19:20)
    at Module._compile (node:internal/modules/cjs/loader:1198:14)
    at Object.Module._extensions..js (node:internal/modules/cjs/loader:1252:10)
    at Module.load (node:internal/modules/cjs/loader:1076:32)
    at Function.Module._load (node:internal/modules/cjs/loader:911:12)
    at Module.require (node:internal/modules/cjs/loader:1100:19) {
  code: 'MODULE_NOT_FOUND',
  requireStack: [
    '/home/onliteup/home/app.js',
    '/usr/local/lsws/fcgi-bin/lsnode.js'
  ]
}
/home/onliteup/nodevenv/home/16/lib/node_modules/mongodb-connection-string-url/lib/index.js:86
            throw new MongoParseError('Invalid scheme, expected connection string to start with "mongodb://" or "mongodb+srv://"');
                  ^

MongoParseError: Invalid scheme, expected connection string to start with "mongodb://" or "mongodb+srv://"
    at new ConnectionString (/home/onliteup/nodevenv/home/16/lib/node_modules/mongodb-connection-string-url/lib/index.js:86:19)
    at parseOptions (/home/onliteup/nodevenv/home/16/lib/node_modules/mongodb/lib/connection_string.js:188:17)
    at new MongoClient (/home/onliteup/nodevenv/home/16/lib/node_modules/mongodb/lib/mongo_client.js:46:63)
    at /home/onliteup/nodevenv/home/16/lib/node_modules/mongodb/lib/mongo_client.js:253:28
    at maybeCallback (/home/onliteup/nodevenv/home/16/lib/node_modules/mongodb/lib/utils.js:337:21)
    at Function.connect (/home/onliteup/nodevenv/home/16/lib/node_modules/mongodb/lib/mongo_client.js:251:42)
    at new MongoStore (/home/onliteup/nodevenv/home/16/lib/node_modules/connect-mongo/build/main/lib/MongoStore.js:110:46)
    at Function.create (/home/onliteup/nodevenv/home/16/lib/node_modules/connect-mongo/build/main/lib/MongoStore.js:136:16)
    at Object.<anonymous> (/home/onliteup/home/app.js:57:23)
    at Module._compile (node:internal/modules/cjs/loader:1198:14)
/home/onliteup/nodevenv/home/16/lib/node_modules/mongodb-connection-string-url/lib/index.js:86
            throw new MongoParseError('Invalid scheme, expected connection string to start with "mongodb://" or "mongodb+srv://"');
                  ^

MongoParseError: Invalid scheme, expected connection string to start with "mongodb://" or "mongodb+srv://"
    at new ConnectionString (/home/onliteup/nodevenv/home/16/lib/node_modules/mongodb-connection-string-url/lib/index.js:86:19)
    at parseOptions (/home/onliteup/nodevenv/home/16/lib/node_modules/mongodb/lib/connection_string.js:188:17)
    at new MongoClient (/home/onliteup/nodevenv/home/16/lib/node_modules/mongodb/lib/mongo_client.js:46:63)
    at /home/onliteup/nodevenv/home/16/lib/node_modules/mongodb/lib/mongo_client.js:253:28
    at maybeCallback (/home/onliteup/nodevenv/home/16/lib/node_modules/mongodb/lib/utils.js:337:21)
    at Function.connect (/home/onliteup/nodevenv/home/16/lib/node_modules/mongodb/lib/mongo_client.js:251:42)
    at new MongoStore (/home/onliteup/nodevenv/home/16/lib/node_modules/connect-mongo/build/main/lib/MongoStore.js:110:46)
    at Function.create (/home/onliteup/nodevenv/home/16/lib/node_modules/connect-mongo/build/main/lib/MongoStore.js:136:16)
    at Object.<anonymous> (/home/onliteup/home/app.js:57:23)
    at Module._compile (node:internal/modules/cjs/loader:1198:14)
/home/onliteup/nodevenv/home/16/lib/node_modules/mongodb-connection-string-url/lib/index.js:86
            throw new MongoParseError('Invalid scheme, expected connection string to start with "mongodb://" or "mongodb+srv://"');
                  ^

MongoParseError: Invalid scheme, expected connection string to start with "mongodb://" or "mongodb+srv://"
    at new ConnectionString (/home/onliteup/nodevenv/home/16/lib/node_modules/mongodb-connection-string-url/lib/index.js:86:19)
    at parseOptions (/home/onliteup/nodevenv/home/16/lib/node_modules/mongodb/lib/connection_string.js:188:17)
    at new MongoClient (/home/onliteup/nodevenv/home/16/lib/node_modules/mongodb/lib/mongo_client.js:46:63)
    at /home/onliteup/nodevenv/home/16/lib/node_modules/mongodb/lib/mongo_client.js:253:28
    at maybeCallback (/home/onliteup/nodevenv/home/16/lib/node_modules/mongodb/lib/utils.js:337:21)
    at Function.connect (/home/onliteup/nodevenv/home/16/lib/node_modules/mongodb/lib/mongo_client.js:251:42)
    at new MongoStore (/home/onliteup/nodevenv/home/16/lib/node_modules/connect-mongo/build/main/lib/MongoStore.js:110:46)
    at Function.create (/home/onliteup/nodevenv/home/16/lib/node_modules/connect-mongo/build/main/lib/MongoStore.js:136:16)
    at Object.<anonymous> (/home/onliteup/home/app.js:57:23)
    at Module._compile (node:internal/modules/cjs/loader:1198:14)
/home/onliteup/nodevenv/home/16/lib/node_modules/mongodb-connection-string-url/lib/index.js:86
            throw new MongoParseError('Invalid scheme, expected connection string to start with "mongodb://" or "mongodb+srv://"');
                  ^

MongoParseError: Invalid scheme, expected connection string to start with "mongodb://" or "mongodb+srv://"
    at new ConnectionString (/home/onliteup/nodevenv/home/16/lib/node_modules/mongodb-connection-string-url/lib/index.js:86:19)
    at parseOptions (/home/onliteup/nodevenv/home/16/lib/node_modules/mongodb/lib/connection_string.js:188:17)
    at new MongoClient (/home/onliteup/nodevenv/home/16/lib/node_modules/mongodb/lib/mongo_client.js:46:63)
    at /home/onliteup/nodevenv/home/16/lib/node_modules/mongodb/lib/mongo_client.js:253:28
    at maybeCallback (/home/onliteup/nodevenv/home/16/lib/node_modules/mongodb/lib/utils.js:337:21)
    at Function.connect (/home/onliteup/nodevenv/home/16/lib/node_modules/mongodb/lib/mongo_client.js:251:42)
    at new MongoStore (/home/onliteup/nodevenv/home/16/lib/node_modules/connect-mongo/build/main/lib/MongoStore.js:110:46)
    at Function.create (/home/onliteup/nodevenv/home/16/lib/node_modules/connect-mongo/build/main/lib/MongoStore.js:136:16)
    at Object.<anonymous> (/home/onliteup/home/app.js:57:23)
    at Module._compile (node:internal/modules/cjs/loader:1198:14)
/home/onliteup/nodevenv/home/16/lib/node_modules/mongodb-connection-string-url/lib/index.js:86
            throw new MongoParseError('Invalid scheme, expected connection string to start with "mongodb://" or "mongodb+srv://"');
                  ^

MongoParseError: Invalid scheme, expected connection string to start with "mongodb://" or "mongodb+srv://"
    at new ConnectionString (/home/onliteup/nodevenv/home/16/lib/node_modules/mongodb-connection-string-url/lib/index.js:86:19)
    at parseOptions (/home/onliteup/nodevenv/home/16/lib/node_modules/mongodb/lib/connection_string.js:188:17)
    at new MongoClient (/home/onliteup/nodevenv/home/16/lib/node_modules/mongodb/lib/mongo_client.js:46:63)
    at /home/onliteup/nodevenv/home/16/lib/node_modules/mongodb/lib/mongo_client.js:253:28
    at maybeCallback (/home/onliteup/nodevenv/home/16/lib/node_modules/mongodb/lib/utils.js:337:21)
    at Function.connect (/home/onliteup/nodevenv/home/16/lib/node_modules/mongodb/lib/mongo_client.js:251:42)
    at new MongoStore (/home/onliteup/nodevenv/home/16/lib/node_modules/connect-mongo/build/main/lib/MongoStore.js:110:46)
    at Function.create (/home/onliteup/nodevenv/home/16/lib/node_modules/connect-mongo/build/main/lib/MongoStore.js:136:16)
    at Object.<anonymous> (/home/onliteup/home/app.js:57:23)
    at Module._compile (node:internal/modules/cjs/loader:1198:14)
/home/onliteup/nodevenv/home/16/lib/node_modules/mongodb-connection-string-url/lib/index.js:86
            throw new MongoParseError('Invalid scheme, expected connection string to start with "mongodb://" or "mongodb+srv://"');
                  ^

MongoParseError: Invalid scheme, expected connection string to start with "mongodb://" or "mongodb+srv://"
    at new ConnectionString (/home/onliteup/nodevenv/home/16/lib/node_modules/mongodb-connection-string-url/lib/index.js:86:19)
    at parseOptions (/home/onliteup/nodevenv/home/16/lib/node_modules/mongodb/lib/connection_string.js:188:17)
    at new MongoClient (/home/onliteup/nodevenv/home/16/lib/node_modules/mongodb/lib/mongo_client.js:46:63)
    at /home/onliteup/nodevenv/home/16/lib/node_modules/mongodb/lib/mongo_client.js:253:28
    at maybeCallback (/home/onliteup/nodevenv/home/16/lib/node_modules/mongodb/lib/utils.js:337:21)
    at Function.connect (/home/onliteup/nodevenv/home/16/lib/node_modules/mongodb/lib/mongo_client.js:251:42)
    at new MongoStore (/home/onliteup/nodevenv/home/16/lib/node_modules/connect-mongo/build/main/lib/MongoStore.js:110:46)
    at Function.create (/home/onliteup/nodevenv/home/16/lib/node_modules/connect-mongo/build/main/lib/MongoStore.js:136:16)
    at Object.<anonymous> (/home/onliteup/home/app.js:57:23)
    at Module._compile (node:internal/modules/cjs/loader:1198:14)
/home/onliteup/nodevenv/home/16/lib/node_modules/mongodb-connection-string-url/lib/index.js:86
            throw new MongoParseError('Invalid scheme, expected connection string to start with "mongodb://" or "mongodb+srv://"');
                  ^

MongoParseError: Invalid scheme, expected connection string to start with "mongodb://" or "mongodb+srv://"
    at new ConnectionString (/home/onliteup/nodevenv/home/16/lib/node_modules/mongodb-connection-string-url/lib/index.js:86:19)
    at parseOptions (/home/onliteup/nodevenv/home/16/lib/node_modules/mongodb/lib/connection_string.js:188:17)
    at new MongoClient (/home/onliteup/nodevenv/home/16/lib/node_modules/mongodb/lib/mongo_client.js:46:63)
    at /home/onliteup/nodevenv/home/16/lib/node_modules/mongodb/lib/mongo_client.js:253:28
    at maybeCallback (/home/onliteup/nodevenv/home/16/lib/node_modules/mongodb/lib/utils.js:337:21)
    at Function.connect (/home/onliteup/nodevenv/home/16/lib/node_modules/mongodb/lib/mongo_client.js:251:42)
    at new MongoStore (/home/onliteup/nodevenv/home/16/lib/node_modules/connect-mongo/build/main/lib/MongoStore.js:110:46)
    at Function.create (/home/onliteup/nodevenv/home/16/lib/node_modules/connect-mongo/build/main/lib/MongoStore.js:136:16)
    at Object.<anonymous> (/home/onliteup/home/app.js:59:23)
    at Module._compile (node:internal/modules/cjs/loader:1198:14)
/home/onliteup/nodevenv/home/16/lib/node_modules/mongodb-connection-string-url/lib/index.js:86
            throw new MongoParseError('Invalid scheme, expected connection string to start with "mongodb://" or "mongodb+srv://"');
                  ^

MongoParseError: Invalid scheme, expected connection string to start with "mongodb://" or "mongodb+srv://"
    at new ConnectionString (/home/onliteup/nodevenv/home/16/lib/node_modules/mongodb-connection-string-url/lib/index.js:86:19)
    at parseOptions (/home/onliteup/nodevenv/home/16/lib/node_modules/mongodb/lib/connection_string.js:188:17)
    at new MongoClient (/home/onliteup/nodevenv/home/16/lib/node_modules/mongodb/lib/mongo_client.js:46:63)
    at /home/onliteup/nodevenv/home/16/lib/node_modules/mongodb/lib/mongo_client.js:253:28
    at maybeCallback (/home/onliteup/nodevenv/home/16/lib/node_modules/mongodb/lib/utils.js:337:21)
    at Function.connect (/home/onliteup/nodevenv/home/16/lib/node_modules/mongodb/lib/mongo_client.js:251:42)
    at new MongoStore (/home/onliteup/nodevenv/home/16/lib/node_modules/connect-mongo/build/main/lib/MongoStore.js:110:46)
    at Function.create (/home/onliteup/nodevenv/home/16/lib/node_modules/connect-mongo/build/main/lib/MongoStore.js:136:16)
    at Object.<anonymous> (/home/onliteup/home/app.js:59:23)
    at Module._compile (node:internal/modules/cjs/loader:1198:14)
